<?xml version="1.0" encoding="UTF-8"?>
<!-- Generated by org.testng.reporters.JUnitReportReporter -->
<testsuite name="testScripts.loginTestAuthorisedUser" tests="1" time="39.750" ignored="0" failures="0" timestamp="16 Mar 2017 09:51:26 GMT" skipped="0" hostname="DERIW50Z0019" errors="0">
  <testcase name="validlogin" time="39.750" classname="testScripts.loginTestAuthorisedUser"/>
</testsuite> <!-- testScripts.loginTestAuthorisedUser -->
